Determining if the pthread_create exist failed with the following output:
Change Dir: /home/workspace/github/CarND-Capstone/ros/build/CMakeFiles/CMakeTmp

Run Build Command:"/usr/bin/make" "cmTC_375ce/fast"
/usr/bin/make -f CMakeFiles/cmTC_375ce.dir/build.make CMakeFiles/cmTC_375ce.dir/build
make[1]: Entering directory '/home/workspace/github/CarND-Capstone/ros/build/CMakeFiles/CMakeTmp'
Building C object CMakeFiles/cmTC_375ce.dir/CheckSymbolExists.c.o
/usr/bin/cc    -o CMakeFiles/cmTC_375ce.dir/CheckSymbolExists.c.o   -c /home/workspace/github/CarND-Capstone/ros/build/CMakeFiles/CMakeTmp/CheckSymbolExists.c
Linking C executable cmTC_375ce
/usr/local/bin/cmake -E cmake_link_script CMakeFiles/cmTC_375ce.dir/link.txt --verbose=1
/usr/bin/cc      -rdynamic CMakeFiles/cmTC_375ce.dir/CheckSymbolExists.c.o  -o cmTC_375ce 
CMakeFiles/cmTC_375ce.dir/CheckSymbolExists.c.o: In function `main':
CheckSymbolExists.c:(.text+0x16): undefined reference to `pthread_create'
collect2: error: ld returned 1 exit status
CMakeFiles/cmTC_375ce.dir/build.make:86: recipe for target 'cmTC_375ce' failed
make[1]: *** [cmTC_375ce] Error 1
make[1]: Leaving directory '/home/workspace/github/CarND-Capstone/ros/build/CMakeFiles/CMakeTmp'
Makefile:121: recipe for target 'cmTC_375ce/fast' failed
make: *** [cmTC_375ce/fast] Error 2

File /home/workspace/github/CarND-Capstone/ros/build/CMakeFiles/CMakeTmp/CheckSymbolExists.c:
/* */
#include <pthread.h>

int main(int argc, char** argv)
{
  (void)argv;
#ifndef pthread_create
  return ((int*)(&pthread_create))[argc];
#else
  (void)argc;
  return 0;
#endif
}

Determining if the function pthread_create exists in the pthreads failed with the following output:
Change Dir: /home/workspace/github/CarND-Capstone/ros/build/CMakeFiles/CMakeTmp

Run Build Command:"/usr/bin/make" "cmTC_802ad/fast"
/usr/bin/make -f CMakeFiles/cmTC_802ad.dir/build.make CMakeFiles/cmTC_802ad.dir/build
make[1]: Entering directory '/home/workspace/github/CarND-Capstone/ros/build/CMakeFiles/CMakeTmp'
Building C object CMakeFiles/cmTC_802ad.dir/CheckFunctionExists.c.o
/usr/bin/cc   -DCHECK_FUNCTION_EXISTS=pthread_create   -o CMakeFiles/cmTC_802ad.dir/CheckFunctionExists.c.o   -c /usr/local/share/cmake-3.13/Modules/CheckFunctionExists.c
Linking C executable cmTC_802ad
/usr/local/bin/cmake -E cmake_link_script CMakeFiles/cmTC_802ad.dir/link.txt --verbose=1
/usr/bin/cc  -DCHECK_FUNCTION_EXISTS=pthread_create    -rdynamic CMakeFiles/cmTC_802ad.dir/CheckFunctionExists.c.o  -o cmTC_802ad -lpthreads 
/usr/bin/ld: cannot find -lpthreads
collect2: error: ld returned 1 exit status
CMakeFiles/cmTC_802ad.dir/build.make:86: recipe for target 'cmTC_802ad' failed
make[1]: *** [cmTC_802ad] Error 1
make[1]: Leaving directory '/home/workspace/github/CarND-Capstone/ros/build/CMakeFiles/CMakeTmp'
Makefile:121: recipe for target 'cmTC_802ad/fast' failed
make: *** [cmTC_802ad/fast] Error 2


